<?xml version="1.0" encoding="UTF-8"?>
<!-- Generated by org.testng.reporters.JUnitReportReporter -->
<testsuite hostname="LIN19004847" failures="0" tests="3" name="Runner.TestRunner" time="3.871" errors="0" timestamp="2024-04-18T14:45:30 IST" skipped="0">
  <testcase classname="Runner.TestRunner" name="runScenario" time="0.769"/>
  <testcase classname="Runner.TestRunner" name="runScenario" time="2.608"/>
  <testcase classname="Runner.TestRunner" name="runScenario" time="0.494"/>
</testsuite> <!-- Runner.TestRunner -->
